targeted-wasm-timings
detected-tier=relaxed-simd-mt forced-tier=simd quality=90 effort=3 progressive=false
config testRuns=3 testScanLimit=Infinity gobScanLimit=Infinity gobOffenderCount=8 gobOffenderRuns=3 traceProgress=false traceStages=false
tests: 17 files

=== Tests Ranked By Total ===
ADH 1570.CR2 | CR2 6000x4000 | 32.49 MB | raw 0.0 ms | decomp 0.0 ms | demo 0.0 ms | tone 0.0 ms | prep 69.0 ms | enc 2733.7 ms | first 2732.0 ms | dec 2567.2 ms | jxl 3.20 MB | total 5369.9 ms
ADH 1248.CR2 | CR2 6000x4000 | 37.59 MB | raw 0.0 ms | decomp 0.0 ms | demo 0.0 ms | tone 0.0 ms | prep 68.6 ms | enc 2594.0 ms | first 2592.6 ms | dec 2539.4 ms | jxl 2.30 MB | total 5201.9 ms
ADH 1234.CR2 | CR2 6000x4000 | 33.00 MB | raw 0.0 ms | decomp 0.0 ms | demo 0.0 ms | tone 0.0 ms | prep 67.9 ms | enc 2639.7 ms | first 2638.0 ms | dec 2490.9 ms | jxl 2.66 MB | total 5198.5 ms
ADH 1559.CR2 | CR2 6000x4000 | 33.15 MB | raw 0.0 ms | decomp 0.0 ms | demo 0.0 ms | tone 0.0 ms | prep 66.0 ms | enc 2534.3 ms | first 2533.8 ms | dec 2470.8 ms | jxl 1.09 MB | total 5071.0 ms
ADH 1514.CR2 | CR2 6000x4000 | 30.80 MB | raw 0.0 ms | decomp 0.0 ms | demo 0.0 ms | tone 0.0 ms | prep 67.7 ms | enc 2525.1 ms | first 2524.4 ms | dec 2475.7 ms | jxl 1.84 MB | total 5068.5 ms
ADH 1455.CR2 | CR2 6000x4000 | 35.96 MB | raw 0.0 ms | decomp 0.0 ms | demo 0.0 ms | tone 0.0 ms | prep 66.1 ms | enc 2500.8 ms | first 2500.2 ms | dec 2457.6 ms | jxl 1.09 MB | total 5024.5 ms
ADH 1490.CR2 | CR2 6000x4000 | 27.97 MB | raw 0.0 ms | decomp 0.0 ms | demo 0.0 ms | tone 0.0 ms | prep 68.9 ms | enc 2370.0 ms | first 2369.7 ms | dec 2385.0 ms | jxl 0.42 MB | total 4823.9 ms
_MG_1747.CR2 | CR2 5184x3456 | 24.51 MB | raw 0.0 ms | decomp 0.0 ms | demo 0.0 ms | tone 0.0 ms | prep 51.2 ms | enc 2349.9 ms | first 2344.0 ms | dec 2152.8 ms | jxl 5.89 MB | total 4553.9 ms
_MG_1749.CR2 | CR2 5184x3456 | 24.47 MB | raw 0.0 ms | decomp 0.0 ms | demo 0.0 ms | tone 0.0 ms | prep 58.2 ms | enc 2189.8 ms | first 2186.9 ms | dec 2052.7 ms | jxl 5.31 MB | total 4300.7 ms
_MG_1744.CR2 | CR2 5184x3456 | 21.51 MB | raw 0.0 ms | decomp 0.0 ms | demo 0.0 ms | tone 0.0 ms | prep 54.1 ms | enc 2173.3 ms | first 2169.7 ms | dec 2020.6 ms | jxl 5.24 MB | total 4248.0 ms
P1110226.ORF | ORF 5240x3912 | 17.41 MB | raw 0.0 ms | decomp 0.0 ms | demo 0.0 ms | tone 0.0 ms | prep 58.0 ms | enc 2102.2 ms | first 2101.2 ms | dec 2076.7 ms | jxl 1.62 MB | total 4236.8 ms
_MG_1750.CR2 | CR2 5184x3456 | 21.69 MB | raw 0.0 ms | decomp 0.0 ms | demo 0.0 ms | tone 0.0 ms | prep 49.1 ms | enc 2115.3 ms | first 2113.3 ms | dec 1959.4 ms | jxl 3.68 MB | total 4123.8 ms
PXL_20260501_093507165.RAW-02.ORIGINAL.dng | DNG 4080x3071 | 19.66 MB | raw 0.0 ms | decomp 0.0 ms | demo 0.0 ms | tone 0.0 ms | prep 35.6 ms | enc 1393.1 ms | first 1391.9 ms | dec 1382.0 ms | jxl 1.93 MB | total 2810.7 ms
PXL_20260501_100809178.RAW-02.ORIGINAL.dng | DNG 3071x4080 | 17.12 MB | raw 0.0 ms | decomp 0.0 ms | demo 0.0 ms | tone 0.0 ms | prep 35.0 ms | enc 1437.5 ms | first 1436.6 ms | dec 1325.1 ms | jxl 1.89 MB | total 2797.6 ms
PXL_20260501_095114043.RAW-02.ORIGINAL.dng | DNG 3071x4080 | 18.90 MB | raw 0.0 ms | decomp 0.0 ms | demo 0.0 ms | tone 0.0 ms | prep 35.6 ms | enc 1389.0 ms | first 1387.3 ms | dec 1344.0 ms | jxl 2.09 MB | total 2768.6 ms
PXL_20260501_100404049.RAW-02.ORIGINAL.dng | DNG 4080x3071 | 17.41 MB | raw 0.0 ms | decomp 0.0 ms | demo 0.0 ms | tone 0.0 ms | prep 33.9 ms | enc 1346.2 ms | first 1345.4 ms | dec 1317.3 ms | jxl 1.21 MB | total 2697.4 ms
PXL_20260501_095020990.RAW-02.ORIGINAL.dng | DNG 3071x4080 | 16.47 MB | raw 0.0 ms | decomp 0.0 ms | demo 0.0 ms | tone 0.0 ms | prep 33.9 ms | enc 1305.0 ms | first 1304.5 ms | dec 1275.3 ms | jxl 0.98 MB | total 2614.2 ms
Tests aggregate: count=17 raw avg 0.0 ms enc avg 2099.9 ms dec avg 2017.2 ms total avg 4171.2 ms

Gobabeb scan: 284 files
