[0520/221549.853:FATAL:mojo\public\cpp\platform\platform_channel.cc:108] Check failed: . : Access is denied. (0x5)
[0520/221549.860:ERROR:content\browser\network_sandbox.cc:385] Failed to grant sandbox access to cache directory C:\foo\raw-converter-wasm\tmp\cdp-node\Default\Cache\Cache_Data: Access is denied. (0x5)
[0520/221549.861:ERROR:content\browser\network_sandbox.cc:318] Failed to grant sandbox access to NoVarySearch directory C:\foo\raw-converter-wasm\tmp\cdp-node\Default\Cache\No_Vary_Search: Access is denied. (0x5)
[0520/221549.863:ERROR:content\browser\network_sandbox.cc:318] Failed to grant sandbox access to SharedDictionary directory C:\foo\raw-converter-wasm\tmp\cdp-node\Default\Shared Dictionary: Access is denied. (0x5)
[0520/221549.864:ERROR:content\browser\network_sandbox.cc:490] Failed to grant sandbox access to network context data directory C:\foo\raw-converter-wasm\tmp\cdp-node\Default\Network: Access is denied. (0x5)
[0520/221549.867:ERROR:net\disk_cache\blockfile\backend_impl.cc:1446] Unable to map Index file
[0520/221549.871:ERROR:net\disk_cache\blockfile\backend_impl.cc:1446] Unable to map Index file
[0520/221549.874:ERROR:net\disk_cache\blockfile\backend_impl.cc:1446] Unable to map Index file
[0520/221549.877:ERROR:content\browser\network_service_instance_impl.cc:333] Encountered error while migrating network context data or granting sandbox access for C:\foo\raw-converter-wasm\tmp\cdp-node\Default\Network. Result: 6: The operation completed successfully. (0x0)
[0520/221549.878:ERROR:net\disk_cache\cache_util_win.cc:25] Unable to move the cache: Access is denied. (0x5)
[0520/221549.878:ERROR:net\disk_cache\cache_util_win.cc:25] Unable to move the cache: Access is denied. (0x5)
[0520/221549.878:ERROR:net\disk_cache\cache_util_win.cc:25] Unable to move the cache: Access is denied. (0x5)
[0520/221549.878:ERROR:net\disk_cache\disk_cache.cc:284] Unable to create cache
[0520/221549.878:ERROR:gpu\ipc\host\gpu_disk_cache.cc:737] Gpu Cache Creation failed: -2
[0520/221549.878:ERROR:net\disk_cache\disk_cache.cc:284] Unable to create cache
[0520/221549.878:ERROR:gpu\ipc\host\gpu_disk_cache.cc:737] Gpu Cache Creation failed: -2
[0520/221549.879:ERROR:net\disk_cache\disk_cache.cc:284] Unable to create cache
[0520/221549.879:ERROR:gpu\ipc\host\gpu_disk_cache.cc:737] Gpu Cache Creation failed: -2
[0520/221550.901:WARNING:components\leveldb_proto\internal\leveldb_database.cc:124] Unable to open C:\foo\raw-converter-wasm\tmp\cdp-node\Default\shared_proto_db\metadata: IO error: C:\foo\raw-converter-wasm\tmp\cdp-node\Default\shared_proto_db\metadata/000001.dbtmp: Could not rename file: Access denied. (ChromeMethodBFE: 14::RenameFile::5)
[0520/221552.816:WARNING:content\browser\btm\btm_database.cc:128] Failed to initialize the DIPS SQLite database.
[0520/221552.926:WARNING:components\leveldb_proto\internal\leveldb_database.cc:124] Unable to open C:\foo\raw-converter-wasm\tmp\cdp-node\Default\shared_proto_db\metadata: IO error: C:\foo\raw-converter-wasm\tmp\cdp-node\Default\shared_proto_db\metadata/000001.dbtmp: Could not rename file: Access denied. (ChromeMethodBFE: 14::RenameFile::5)
[0520/221554.938:WARNING:components\leveldb_proto\internal\leveldb_database.cc:124] Unable to open C:\foo\raw-converter-wasm\tmp\cdp-node\Default\shared_proto_db\metadata: IO error: C:\foo\raw-converter-wasm\tmp\cdp-node\Default\shared_proto_db\metadata/000001.dbtmp: Could not rename file: Access denied. (ChromeMethodBFE: 14::RenameFile::5)
[0520/221556.961:WARNING:components\leveldb_proto\internal\leveldb_database.cc:124] Unable to open C:\foo\raw-converter-wasm\tmp\cdp-node\Default\shared_proto_db\metadata: IO error: C:\foo\raw-converter-wasm\tmp\cdp-node\Default\shared_proto_db\metadata/000001.dbtmp: Could not rename file: Access denied. (ChromeMethodBFE: 14::RenameFile::5)
[0520/221631.783:FATAL:mojo\public\cpp\platform\platform_channel.cc:108] Check failed: . : Access is denied. (0x5)
[0520/221631.787:ERROR:content\browser\network_sandbox.cc:385] Failed to grant sandbox access to cache directory C:\foo\raw-converter-wasm\tmp\cdp-node\Default\Cache\Cache_Data: Access is denied. (0x5)
[0520/221631.788:ERROR:content\browser\network_sandbox.cc:318] Failed to grant sandbox access to NoVarySearch directory C:\foo\raw-converter-wasm\tmp\cdp-node\Default\Cache\No_Vary_Search: Access is denied. (0x5)
[0520/221631.789:ERROR:content\browser\network_sandbox.cc:318] Failed to grant sandbox access to SharedDictionary directory C:\foo\raw-converter-wasm\tmp\cdp-node\Default\Shared Dictionary: Access is denied. (0x5)
[0520/221631.790:ERROR:content\browser\network_sandbox.cc:490] Failed to grant sandbox access to network context data directory C:\foo\raw-converter-wasm\tmp\cdp-node\Default\Network: Access is denied. (0x5)
[0520/221631.793:ERROR:net\disk_cache\blockfile\backend_impl.cc:1446] Unable to map Index file
[0520/221631.793:ERROR:net\disk_cache\blockfile\backend_impl.cc:1446] Unable to map Index file
[0520/221631.794:ERROR:net\disk_cache\blockfile\backend_impl.cc:1446] Unable to map Index file
[0520/221631.798:ERROR:net\socket\tcp_socket_win.cc:530] bind() returned an error: Only one usage of each socket address (protocol/network address/port) is normally permitted. (0x2740)
[0520/221631.801:WARNING:content\browser\btm\btm_database.cc:128] Failed to initialize the DIPS SQLite database.
[0520/221631.802:ERROR:content\browser\network_service_instance_impl.cc:333] Encountered error while migrating network context data or granting sandbox access for C:\foo\raw-converter-wasm\tmp\cdp-node\Default\Network. Result: 6: The operation completed successfully. (0x0)
[0520/221631.802:ERROR:net\disk_cache\cache_util_win.cc:25] Unable to move the cache: Access is denied. (0x5)
[0520/221631.802:ERROR:net\disk_cache\cache_util_win.cc:25] Unable to move the cache: Access is denied. (0x5)
[0520/221631.802:ERROR:net\disk_cache\cache_util_win.cc:25] Unable to move the cache: Access is denied. (0x5)
[0520/221631.803:ERROR:net\disk_cache\disk_cache.cc:284] Unable to create cache
[0520/221631.803:ERROR:gpu\ipc\host\gpu_disk_cache.cc:737] Gpu Cache Creation failed: -2
[0520/221631.803:ERROR:net\disk_cache\disk_cache.cc:284] Unable to create cache
[0520/221631.803:ERROR:gpu\ipc\host\gpu_disk_cache.cc:737] Gpu Cache Creation failed: -2
[0520/221631.803:ERROR:net\disk_cache\disk_cache.cc:284] Unable to create cache
[0520/221631.803:ERROR:gpu\ipc\host\gpu_disk_cache.cc:737] Gpu Cache Creation failed: -2
[0520/221634.828:WARNING:components\leveldb_proto\internal\leveldb_database.cc:124] Unable to open C:\foo\raw-converter-wasm\tmp\cdp-node\Default\shared_proto_db\metadata: IO error: C:\foo\raw-converter-wasm\tmp\cdp-node\Default\shared_proto_db\metadata/000001.dbtmp: Could not rename file: Access denied. (ChromeMethodBFE: 14::RenameFile::5)
[0520/221636.854:WARNING:components\leveldb_proto\internal\leveldb_database.cc:124] Unable to open C:\foo\raw-converter-wasm\tmp\cdp-node\Default\shared_proto_db\metadata: IO error: C:\foo\raw-converter-wasm\tmp\cdp-node\Default\shared_proto_db\metadata/000001.dbtmp: Could not rename file: Access denied. (ChromeMethodBFE: 14::RenameFile::5)
[0520/221638.882:WARNING:components\leveldb_proto\internal\leveldb_database.cc:124] Unable to open C:\foo\raw-converter-wasm\tmp\cdp-node\Default\shared_proto_db\metadata: IO error: C:\foo\raw-converter-wasm\tmp\cdp-node\Default\shared_proto_db\metadata/000001.dbtmp: Could not rename file: Access denied. (ChromeMethodBFE: 14::RenameFile::5)
[0520/221640.988:WARNING:components\leveldb_proto\internal\leveldb_database.cc:124] Unable to open C:\foo\raw-converter-wasm\tmp\cdp-node\Default\shared_proto_db\metadata: IO error: C:\foo\raw-converter-wasm\tmp\cdp-node\Default\shared_proto_db\metadata/000001.dbtmp: Could not rename file: Access denied. (ChromeMethodBFE: 14::RenameFile::5)
